

Started GET "/" for 127.0.0.1 at 2014-02-04 13:36:49 +0000
Connecting to database specified by database.yml
Processing by SiteController#index as HTML
  Rendered site/index.html.haml within layouts/application (9.6ms)
Compiled reset.css  (64ms)  (pid 16628)
Compiled typography.css  (17ms)  (pid 16628)
Compiled scaffolding.css  (12ms)  (pid 16628)
Compiled main.css  (32ms)  (pid 16628)
Compiled application.css  (210ms)  (pid 16628)
  Rendered layouts/_stylesheets.html.haml (244.7ms)
Compiled jquery.js  (29ms)  (pid 16628)
Compiled jquery_ujs.js  (0ms)  (pid 16628)
Compiled jquery.highlight.js  (0ms)  (pid 16628)
Compiled application.js  (120ms)  (pid 16628)
  Rendered layouts/_head.html.haml (405.7ms)
  Rendered layouts/_flashes.html.haml (1.2ms)
  Rendered layouts/_javascripts.html.haml (0.9ms)
Completed 200 OK in 494ms (Views: 493.8ms | ActiveRecord: 0.0ms)


Started GET "/assets/typography.css?body=1" for 127.0.0.1 at 2014-02-04 13:36:51 +0000
Served asset /typography.css - 200 OK (4ms)


Started GET "/assets/reset.css?body=1" for 127.0.0.1 at 2014-02-04 13:36:51 +0000
Served asset /reset.css - 200 OK (2ms)


Started GET "/assets/scaffolding.css?body=1" for 127.0.0.1 at 2014-02-04 13:36:51 +0000
Served asset /scaffolding.css - 200 OK (4ms)


Started GET "/assets/application.css?body=1" for 127.0.0.1 at 2014-02-04 13:36:51 +0000
Served asset /application.css - 200 OK (9ms)


Started GET "/assets/main.css?body=1" for 127.0.0.1 at 2014-02-04 13:36:51 +0000
Served asset /main.css - 200 OK (2ms)


Started GET "/assets/jquery_ujs.js?body=1" for 127.0.0.1 at 2014-02-04 13:36:51 +0000
Served asset /jquery_ujs.js - 200 OK (5ms)


Started GET "/assets/jquery.js?body=1" for 127.0.0.1 at 2014-02-04 13:36:51 +0000
Served asset /jquery.js - 200 OK (7ms)


Started GET "/assets/application.js?body=1" for 127.0.0.1 at 2014-02-04 13:36:51 +0000
Served asset /application.js - 200 OK (11ms)


Started GET "/assets/jquery.highlight.js?body=1" for 127.0.0.1 at 2014-02-04 13:36:51 +0000
Served asset /jquery.highlight.js - 200 OK (4ms)


Started GET "/assets/belfast-ruby-logo.png" for 127.0.0.1 at 2014-02-04 13:36:51 +0000
Served asset /belfast-ruby-logo.png - 200 OK (15ms)


Started GET "/assets/submit-btn.png" for 127.0.0.1 at 2014-02-04 13:36:51 +0000
Served asset /submit-btn.png - 200 OK (11ms)


Started GET "/assets/rumblelabs-logo.png" for 127.0.0.1 at 2014-02-04 13:36:51 +0000
Served asset /rumblelabs-logo.png - 200 OK (5ms)


Started GET "/assets/brewbot-logo.png" for 127.0.0.1 at 2014-02-04 13:36:51 +0000
Served asset /brewbot-logo.png - 200 OK (4ms)


Started GET "/assets/shopkeep.png" for 127.0.0.1 at 2014-02-04 13:36:51 +0000
Served asset /shopkeep.png - 404 Not Found (1ms)

ActionController::RoutingError (No route matches [GET] "/assets/shopkeep.png"):
  actionpack (3.2.12) lib/action_dispatch/middleware/debug_exceptions.rb:21:in `call'
  actionpack (3.2.12) lib/action_dispatch/middleware/show_exceptions.rb:56:in `call'
  railties (3.2.12) lib/rails/rack/logger.rb:32:in `call_app'
  railties (3.2.12) lib/rails/rack/logger.rb:16:in `block in call'
  activesupport (3.2.12) lib/active_support/tagged_logging.rb:22:in `tagged'
  railties (3.2.12) lib/rails/rack/logger.rb:16:in `call'
  actionpack (3.2.12) lib/action_dispatch/middleware/request_id.rb:22:in `call'
  rack (1.4.5) lib/rack/methodoverride.rb:21:in `call'
  rack (1.4.5) lib/rack/runtime.rb:17:in `call'
  activesupport (3.2.12) lib/active_support/cache/strategy/local_cache.rb:72:in `call'
  rack (1.4.5) lib/rack/lock.rb:15:in `call'
  actionpack (3.2.12) lib/action_dispatch/middleware/static.rb:62:in `call'
  railties (3.2.12) lib/rails/engine.rb:479:in `call'
  railties (3.2.12) lib/rails/application.rb:223:in `call'
  rack (1.4.5) lib/rack/content_length.rb:14:in `call'
  railties (3.2.12) lib/rails/rack/log_tailer.rb:17:in `call'
  rack (1.4.5) lib/rack/handler/webrick.rb:59:in `service'
  /Users/melissakeizer/.rvm/rubies/ruby-1.9.3-p429/lib/ruby/1.9.1/webrick/httpserver.rb:138:in `service'
  /Users/melissakeizer/.rvm/rubies/ruby-1.9.3-p429/lib/ruby/1.9.1/webrick/httpserver.rb:94:in `run'
  /Users/melissakeizer/.rvm/rubies/ruby-1.9.3-p429/lib/ruby/1.9.1/webrick/server.rb:191:in `block in start_thread'


  Rendered /Users/melissakeizer/.rvm/gems/ruby-1.9.3-p429/gems/actionpack-3.2.12/lib/action_dispatch/middleware/templates/rescues/routing_error.erb within rescues/layout (0.8ms)


Started GET "/assets/header-background.png" for 127.0.0.1 at 2014-02-04 13:36:51 +0000
Served asset /header-background.png - 200 OK (7ms)


Started GET "/assets/icons/cal-icon-small.png" for 127.0.0.1 at 2014-02-04 13:36:51 +0000
Served asset /icons/cal-icon-small.png - 200 OK (16ms)


Started GET "/assets/icons/location-icon-small.png" for 127.0.0.1 at 2014-02-04 13:36:51 +0000
Served asset /icons/location-icon-small.png - 200 OK (8ms)


Started GET "/assets/icons/note-icon-small.png" for 127.0.0.1 at 2014-02-04 13:36:51 +0000
Served asset /icons/note-icon-small.png - 200 OK (7ms)


Started GET "/assets/icons/twitter-icon-small.png" for 127.0.0.1 at 2014-02-04 13:36:51 +0000
Served asset /icons/twitter-icon-small.png - 200 OK (10ms)


Started GET "/assets/icons/group-icon-small.png" for 127.0.0.1 at 2014-02-04 13:36:51 +0000
Served asset /icons/group-icon-small.png - 200 OK (7ms)


Started GET "/assets/icons/irc-icon-small.png" for 127.0.0.1 at 2014-02-04 13:36:51 +0000
Served asset /icons/irc-icon-small.png - 200 OK (6ms)


Started GET "/assets/icons/github-icon-small.png" for 127.0.0.1 at 2014-02-04 13:36:51 +0000
Served asset /icons/github-icon-small.png - 200 OK (6ms)


Started GET "/" for 127.0.0.1 at 2014-02-04 13:38:19 +0000
Processing by SiteController#index as HTML
  Rendered site/index.html.haml within layouts/application (8.4ms)
  Rendered layouts/_stylesheets.html.haml (1.5ms)
  Rendered layouts/_head.html.haml (3.3ms)
  Rendered layouts/_flashes.html.haml (0.1ms)
  Rendered layouts/_javascripts.html.haml (0.1ms)
Completed 200 OK in 17ms (Views: 16.9ms | ActiveRecord: 0.0ms)


Started GET "/assets/typography.css?body=1" for 127.0.0.1 at 2014-02-04 13:38:19 +0000
Served asset /typography.css - 304 Not Modified (0ms)


Started GET "/assets/main.css?body=1" for 127.0.0.1 at 2014-02-04 13:38:19 +0000
Served asset /main.css - 304 Not Modified (0ms)


Started GET "/assets/scaffolding.css?body=1" for 127.0.0.1 at 2014-02-04 13:38:19 +0000
Served asset /scaffolding.css - 304 Not Modified (0ms)


Started GET "/assets/reset.css?body=1" for 127.0.0.1 at 2014-02-04 13:38:19 +0000
Served asset /reset.css - 304 Not Modified (0ms)


Started GET "/assets/application.css?body=1" for 127.0.0.1 at 2014-02-04 13:38:19 +0000
Served asset /application.css - 304 Not Modified (1ms)


Started GET "/assets/jquery.js?body=1" for 127.0.0.1 at 2014-02-04 13:38:19 +0000
Served asset /jquery.js - 304 Not Modified (0ms)


Started GET "/assets/jquery_ujs.js?body=1" for 127.0.0.1 at 2014-02-04 13:38:19 +0000
Served asset /jquery_ujs.js - 304 Not Modified (0ms)


Started GET "/assets/jquery.highlight.js?body=1" for 127.0.0.1 at 2014-02-04 13:38:19 +0000
Served asset /jquery.highlight.js - 304 Not Modified (0ms)


Started GET "/assets/application.js?body=1" for 127.0.0.1 at 2014-02-04 13:38:19 +0000
Served asset /application.js - 304 Not Modified (0ms)


Started GET "/assets/belfast-ruby-logo.png" for 127.0.0.1 at 2014-02-04 13:38:19 +0000
Served asset /belfast-ruby-logo.png - 304 Not Modified (0ms)


Started GET "/assets/submit-btn.png" for 127.0.0.1 at 2014-02-04 13:38:19 +0000
Served asset /submit-btn.png - 304 Not Modified (0ms)


Started GET "/assets/rumblelabs-logo.png" for 127.0.0.1 at 2014-02-04 13:38:19 +0000
Served asset /rumblelabs-logo.png - 304 Not Modified (0ms)


Started GET "/assets/brewbot-logo.png" for 127.0.0.1 at 2014-02-04 13:38:19 +0000
Served asset /brewbot-logo.png - 304 Not Modified (0ms)


Started GET "/assets/shopkeep-logo.png" for 127.0.0.1 at 2014-02-04 13:38:19 +0000
Served asset /shopkeep-logo.png - 200 OK (5ms)
