# Logfile created on 2014-01-07 14:00:10 +0000 by logger.rb/31641
I, [2014-01-07T14:00:10.795698 #29861]  INFO -- : 0:  rake (10.0.3) from /Users/melissakeizer/.rvm/gems/ruby-1.9.3-p429/specifications/rake-10.0.3.gemspec
I, [2014-01-07T14:00:11.886465 #29861]  INFO -- : 0:  i18n (0.6.1) from /Users/melissakeizer/.rvm/gems/ruby-1.9.3-p429/specifications/i18n-0.6.1.gemspec
I, [2014-01-07T14:00:12.885580 #29861]  INFO -- : 0:  multi_json (1.5.1) from /Users/melissakeizer/.rvm/gems/ruby-1.9.3-p429/specifications/multi_json-1.5.1.gemspec
I, [2014-01-07T14:00:13.817775 #29861]  INFO -- : 0:  activesupport (3.2.12) from /Users/melissakeizer/.rvm/gems/ruby-1.9.3-p429/specifications/activesupport-3.2.12.gemspec
I, [2014-01-07T14:00:14.285833 #29861]  INFO -- : 0:  builder (3.0.4) from /Users/melissakeizer/.rvm/gems/ruby-1.9.3-p429/specifications/builder-3.0.4.gemspec
I, [2014-01-07T14:00:14.797322 #29861]  INFO -- : 0:  activemodel (3.2.12) from /Users/melissakeizer/.rvm/gems/ruby-1.9.3-p429/specifications/activemodel-3.2.12.gemspec
I, [2014-01-07T14:00:15.728382 #29861]  INFO -- : 0:  erubis (2.7.0) from /Users/melissakeizer/.rvm/gems/ruby-1.9.3-p429/specifications/erubis-2.7.0.gemspec
I, [2014-01-07T14:00:16.224423 #29861]  INFO -- : 0:  journey (1.0.4) from /Users/melissakeizer/.rvm/gems/ruby-1.9.3-p429/specifications/journey-1.0.4.gemspec
I, [2014-01-07T14:00:17.021076 #29861]  INFO -- : 0:  rack (1.4.5) from /Users/melissakeizer/.rvm/gems/ruby-1.9.3-p429/specifications/rack-1.4.5.gemspec
I, [2014-01-07T14:00:17.939810 #29861]  INFO -- : 0:  rack-cache (1.2) from /Users/melissakeizer/.rvm/gems/ruby-1.9.3-p429/specifications/rack-cache-1.2.gemspec
I, [2014-01-07T14:00:18.432566 #29861]  INFO -- : 0:  rack-test (0.6.2) from /Users/melissakeizer/.rvm/gems/ruby-1.9.3-p429/specifications/rack-test-0.6.2.gemspec
I, [2014-01-07T14:00:18.848242 #29861]  INFO -- : 0:  hike (1.2.1) from /Users/melissakeizer/.rvm/gems/ruby-1.9.3-p429/specifications/hike-1.2.1.gemspec
I, [2014-01-07T14:00:19.363876 #29861]  INFO -- : 0:  tilt (1.3.3) from /Users/melissakeizer/.rvm/gems/ruby-1.9.3-p429/specifications/tilt-1.3.3.gemspec
I, [2014-01-07T14:00:19.963048 #29861]  INFO -- : 0:  sprockets (2.2.2) from /Users/melissakeizer/.rvm/gems/ruby-1.9.3-p429/specifications/sprockets-2.2.2.gemspec
I, [2014-01-07T14:00:20.902695 #29861]  INFO -- : 0:  actionpack (3.2.12) from /Users/melissakeizer/.rvm/gems/ruby-1.9.3-p429/specifications/actionpack-3.2.12.gemspec
I, [2014-01-07T14:00:21.454764 #29861]  INFO -- : 0:  mime-types (1.21) from /Users/melissakeizer/.rvm/gems/ruby-1.9.3-p429/specifications/mime-types-1.21.gemspec
I, [2014-01-07T14:00:21.874518 #29861]  INFO -- : 0:  polyglot (0.3.3) from /Users/melissakeizer/.rvm/gems/ruby-1.9.3-p429/specifications/polyglot-0.3.3.gemspec
I, [2014-01-07T14:00:22.658982 #29861]  INFO -- : 0:  treetop (1.4.12) from /Users/melissakeizer/.rvm/gems/ruby-1.9.3-p429/specifications/treetop-1.4.12.gemspec
I, [2014-01-07T14:00:23.375405 #29861]  INFO -- : 0:  mail (2.4.4) from /Users/melissakeizer/.rvm/gems/ruby-1.9.3-p429/specifications/mail-2.4.4.gemspec
I, [2014-01-07T14:00:23.833431 #29861]  INFO -- : 0:  actionmailer (3.2.12) from /Users/melissakeizer/.rvm/gems/ruby-1.9.3-p429/specifications/actionmailer-3.2.12.gemspec
I, [2014-01-07T14:00:24.385409 #29861]  INFO -- : 0:  arel (3.0.2) from /Users/melissakeizer/.rvm/gems/ruby-1.9.3-p429/specifications/arel-3.0.2.gemspec
I, [2014-01-07T14:00:25.774324 #29861]  INFO -- : 0:  tzinfo (0.3.35) from /Users/melissakeizer/.rvm/gems/ruby-1.9.3-p429/specifications/tzinfo-0.3.35.gemspec
I, [2014-01-07T14:00:26.735855 #29861]  INFO -- : 0:  activerecord (3.2.12) from /Users/melissakeizer/.rvm/gems/ruby-1.9.3-p429/specifications/activerecord-3.2.12.gemspec
I, [2014-01-07T14:00:27.216889 #29861]  INFO -- : 0:  activeresource (3.2.12) from /Users/melissakeizer/.rvm/gems/ruby-1.9.3-p429/specifications/activeresource-3.2.12.gemspec
I, [2014-01-07T14:00:27.756768 #29861]  INFO -- : 0:  ansi (1.4.3) from /Users/melissakeizer/.rvm/gems/ruby-1.9.3-p429/specifications/ansi-1.4.3.gemspec
I, [2014-01-07T14:00:28.505592 #29861]  INFO -- : 0:  excon (0.16.7) from /Users/melissakeizer/.rvm/gems/ruby-1.9.3-p429/specifications/excon-0.16.7.gemspec
I, [2014-01-07T14:00:28.951718 #29861]  INFO -- : 0:  formatador (0.2.4) from /Users/melissakeizer/.rvm/gems/ruby-1.9.3-p429/specifications/formatador-0.2.4.gemspec
I, [2014-01-07T14:00:29.773962 #29861]  INFO -- : 0:  net-ssh (2.6.1) from /Users/melissakeizer/.rvm/gems/ruby-1.9.3-p429/specifications/net-ssh-2.6.1.gemspec
I, [2014-01-07T14:00:30.276021 #29861]  INFO -- : 0:  net-scp (1.0.4) from /Users/melissakeizer/.rvm/gems/ruby-1.9.3-p429/specifications/net-scp-1.0.4.gemspec
I, [2014-01-07T14:00:36.998121 #29861]  INFO -- : 0:  nokogiri (1.5.5) from /Users/melissakeizer/.rvm/gems/ruby-1.9.3-p429/specifications/nokogiri-1.5.5.gemspec
I, [2014-01-07T14:00:37.688069 #29861]  INFO -- : 0:  ruby-hmac (0.4.0) from /Users/melissakeizer/.rvm/gems/ruby-1.9.3-p429/specifications/ruby-hmac-0.4.0.gemspec
I, [2014-01-07T14:00:40.968075 #29861]  INFO -- : 0:  fog (1.6.0) from /Users/melissakeizer/.rvm/gems/ruby-1.9.3-p429/specifications/fog-1.6.0.gemspec
I, [2014-01-07T14:00:41.456642 #29861]  INFO -- : 0:  asset_sync (0.5.0) from /Users/melissakeizer/.rvm/gems/ruby-1.9.3-p429/specifications/asset_sync-0.5.0.gemspec
I, [2014-01-07T14:00:41.975874 #29861]  INFO -- : 0:  coffee-script-source (1.4.0) from /Users/melissakeizer/.rvm/gems/ruby-1.9.3-p429/specifications/coffee-script-source-1.4.0.gemspec
I, [2014-01-07T14:00:42.445670 #29861]  INFO -- : 0:  execjs (1.4.0) from /Users/melissakeizer/.rvm/gems/ruby-1.9.3-p429/specifications/execjs-1.4.0.gemspec
I, [2014-01-07T14:00:42.883613 #29861]  INFO -- : 0:  coffee-script (2.2.0) from /Users/melissakeizer/.rvm/gems/ruby-1.9.3-p429/specifications/coffee-script-2.2.0.gemspec
I, [2014-01-07T14:00:43.315943 #29861]  INFO -- : 0:  rack-ssl (1.3.3) from /Users/melissakeizer/.rvm/gems/ruby-1.9.3-p429/specifications/rack-ssl-1.3.3.gemspec
I, [2014-01-07T14:00:44.511980 #29861]  INFO -- : 0:  json (1.7.7) from /Users/melissakeizer/.rvm/gems/ruby-1.9.3-p429/specifications/json-1.7.7.gemspec
I, [2014-01-07T14:00:46.363003 #29861]  INFO -- : 0:  rdoc (3.12.1) from /Users/melissakeizer/.rvm/gems/ruby-1.9.3-p429/specifications/rdoc-3.12.1.gemspec
I, [2014-01-07T14:00:46.951317 #29861]  INFO -- : 0:  thor (0.17.0) from /Users/melissakeizer/.rvm/gems/ruby-1.9.3-p429/specifications/thor-0.17.0.gemspec
I, [2014-01-07T14:00:51.636892 #29861]  INFO -- : 0:  railties (3.2.12) from /Users/melissakeizer/.rvm/gems/ruby-1.9.3-p429/specifications/railties-3.2.12.gemspec
I, [2014-01-07T14:00:52.766664 #29861]  INFO -- : 0:  coffee-rails (3.2.2) from /Users/melissakeizer/.rvm/gems/ruby-1.9.3-p429/specifications/coffee-rails-3.2.2.gemspec
I, [2014-01-07T14:00:54.320259 #29861]  INFO -- : 0:  haml (3.1.7) from /Users/melissakeizer/.rvm/gems/ruby-1.9.3-p429/specifications/haml-3.1.7.gemspec
I, [2014-01-07T14:00:55.375356 #29861]  INFO -- : 0:  jquery-rails (2.1.3) from /Users/melissakeizer/.rvm/gems/ruby-1.9.3-p429/specifications/jquery-rails-2.1.3.gemspec
I, [2014-01-07T14:00:57.338509 #29861]  INFO -- : 0:  mysql2 (0.3.11) from /Users/melissakeizer/.rvm/gems/ruby-1.9.3-p429/specifications/mysql2-0.3.11.gemspec
I, [2014-01-07T14:01:02.358235 #29861]  INFO -- : 0:  pg (0.14.1) from /Users/melissakeizer/.rvm/gems/ruby-1.9.3-p429/specifications/pg-0.14.1.gemspec
I, [2014-01-07T14:01:02.358749 #29861]  INFO -- : 0:  bundler (1.5.1) from /Users/melissakeizer/.rvm/gems/ruby-1.9.3-p429/specifications/bundler-1.5.1.gemspec
I, [2014-01-07T14:01:02.921197 #29861]  INFO -- : 0:  rails (3.2.12) from /Users/melissakeizer/.rvm/gems/ruby-1.9.3-p429/specifications/rails-3.2.12.gemspec
I, [2014-01-07T14:01:02.977995 #29861]  INFO -- : 0:  rails_exception_handler (2.1.0) from /Users/melissakeizer/.rvm/gems/ruby-1.9.3-p429/bundler/gems/rails_exception_handler-3957951390c7/rails_exception_handler.gemspec
I, [2014-01-07T14:01:03.983206 #29861]  INFO -- : 0:  sass (3.2.1) from /Users/melissakeizer/.rvm/gems/ruby-1.9.3-p429/specifications/sass-3.2.1.gemspec
I, [2014-01-07T14:01:04.651714 #29861]  INFO -- : 0:  sass-rails (3.2.5) from /Users/melissakeizer/.rvm/gems/ruby-1.9.3-p429/specifications/sass-rails-3.2.5.gemspec
I, [2014-01-07T14:01:05.133013 #29861]  INFO -- : 0:  turn (0.8.2) from /Users/melissakeizer/.rvm/gems/ruby-1.9.3-p429/specifications/turn-0.8.2.gemspec
I, [2014-01-07T14:01:05.684479 #29861]  INFO -- : 0:  uglifier (1.3.0) from /Users/melissakeizer/.rvm/gems/ruby-1.9.3-p429/specifications/uglifier-1.3.0.gemspec
I, [2014-01-07T14:01:06.131144 #29861]  INFO -- : 0:  validate_email (0.1.6) from /Users/melissakeizer/.rvm/gems/ruby-1.9.3-p429/specifications/validate_email-0.1.6.gemspec
